internal/modules/cjs/loader.js:905
  throw err;
  ^

Error: Cannot find module 'bcrypt'
Require stack:
- /home/smeappbi/public_html/api/src/controller/auth.controller.js
- /home/smeappbi/public_html/api/src/routes/auth.routes.js
- /home/smeappbi/public_html/api/app.js
- /usr/local/lsws/fcgi-bin/lsnode.js
    at Function.Module._resolveFilename (internal/modules/cjs/loader.js:902:15)
    at Function.Module._load (internal/modules/cjs/loader.js:746:27)
    at Module.require (internal/modules/cjs/loader.js:974:19)
    at require (internal/modules/cjs/helpers.js:101:18)
    at Object.<anonymous> (/home/smeappbi/public_html/api/src/controller/auth.controller.js:1:16)
    at Module._compile (internal/modules/cjs/loader.js:1085:14)
    at Object.Module._extensions..js (internal/modules/cjs/loader.js:1114:10)
    at Module.load (internal/modules/cjs/loader.js:950:32)
    at Function.Module._load (internal/modules/cjs/loader.js:790:12)
    at Module.require (internal/modules/cjs/loader.js:974:19) {
  code: 'MODULE_NOT_FOUND',
  requireStack: [
    '/home/smeappbi/public_html/api/src/controller/auth.controller.js',
    '/home/smeappbi/public_html/api/src/routes/auth.routes.js',
    '/home/smeappbi/public_html/api/app.js',
    '/usr/local/lsws/fcgi-bin/lsnode.js'
  ]
}
internal/modules/cjs/loader.js:905
  throw err;
  ^

Error: Cannot find module 'bcrypt'
Require stack:
- /home/smeappbi/public_html/api/src/controller/auth.controller.js
- /home/smeappbi/public_html/api/src/routes/auth.routes.js
- /home/smeappbi/public_html/api/app.js
- /usr/local/lsws/fcgi-bin/lsnode.js
    at Function.Module._resolveFilename (internal/modules/cjs/loader.js:902:15)
    at Function.Module._load (internal/modules/cjs/loader.js:746:27)
    at Module.require (internal/modules/cjs/loader.js:974:19)
    at require (internal/modules/cjs/helpers.js:101:18)
    at Object.<anonymous> (/home/smeappbi/public_html/api/src/controller/auth.controller.js:1:16)
    at Module._compile (internal/modules/cjs/loader.js:1085:14)
    at Object.Module._extensions..js (internal/modules/cjs/loader.js:1114:10)
    at Module.load (internal/modules/cjs/loader.js:950:32)
    at Function.Module._load (internal/modules/cjs/loader.js:790:12)
    at Module.require (internal/modules/cjs/loader.js:974:19) {
  code: 'MODULE_NOT_FOUND',
  requireStack: [
    '/home/smeappbi/public_html/api/src/controller/auth.controller.js',
    '/home/smeappbi/public_html/api/src/routes/auth.routes.js',
    '/home/smeappbi/public_html/api/app.js',
    '/usr/local/lsws/fcgi-bin/lsnode.js'
  ]
}
internal/modules/cjs/loader.js:905
  throw err;
  ^

Error: Cannot find module 'bcrypt'
Require stack:
- /home/smeappbi/public_html/api/src/controller/auth.controller.js
- /home/smeappbi/public_html/api/src/routes/auth.routes.js
- /home/smeappbi/public_html/api/app.js
- /usr/local/lsws/fcgi-bin/lsnode.js
    at Function.Module._resolveFilename (internal/modules/cjs/loader.js:902:15)
    at Function.Module._load (internal/modules/cjs/loader.js:746:27)
    at Module.require (internal/modules/cjs/loader.js:974:19)
    at require (internal/modules/cjs/helpers.js:101:18)
    at Object.<anonymous> (/home/smeappbi/public_html/api/src/controller/auth.controller.js:1:16)
    at Module._compile (internal/modules/cjs/loader.js:1085:14)
    at Object.Module._extensions..js (internal/modules/cjs/loader.js:1114:10)
    at Module.load (internal/modules/cjs/loader.js:950:32)
    at Function.Module._load (internal/modules/cjs/loader.js:790:12)
    at Module.require (internal/modules/cjs/loader.js:974:19) {
  code: 'MODULE_NOT_FOUND',
  requireStack: [
    '/home/smeappbi/public_html/api/src/controller/auth.controller.js',
    '/home/smeappbi/public_html/api/src/routes/auth.routes.js',
    '/home/smeappbi/public_html/api/app.js',
    '/usr/local/lsws/fcgi-bin/lsnode.js'
  ]
}
internal/modules/cjs/loader.js:905
  throw err;
  ^

Error: Cannot find module 'bcrypt'
Require stack:
- /home/smeappbi/public_html/api/src/controller/auth.controller.js
- /home/smeappbi/public_html/api/src/routes/auth.routes.js
- /home/smeappbi/public_html/api/app.js
- /usr/local/lsws/fcgi-bin/lsnode.js
    at Function.Module._resolveFilename (internal/modules/cjs/loader.js:902:15)
    at Function.Module._load (internal/modules/cjs/loader.js:746:27)
    at Module.require (internal/modules/cjs/loader.js:974:19)
    at require (internal/modules/cjs/helpers.js:101:18)
    at Object.<anonymous> (/home/smeappbi/public_html/api/src/controller/auth.controller.js:1:16)
    at Module._compile (internal/modules/cjs/loader.js:1085:14)
    at Object.Module._extensions..js (internal/modules/cjs/loader.js:1114:10)
    at Module.load (internal/modules/cjs/loader.js:950:32)
    at Function.Module._load (internal/modules/cjs/loader.js:790:12)
    at Module.require (internal/modules/cjs/loader.js:974:19) {
  code: 'MODULE_NOT_FOUND',
  requireStack: [
    '/home/smeappbi/public_html/api/src/controller/auth.controller.js',
    '/home/smeappbi/public_html/api/src/routes/auth.routes.js',
    '/home/smeappbi/public_html/api/app.js',
    '/usr/local/lsws/fcgi-bin/lsnode.js'
  ]
}
internal/modules/cjs/loader.js:905
  throw err;
  ^

Error: Cannot find module 'bcrypt'
Require stack:
- /home/smeappbi/public_html/api/src/controller/auth.controller.js
- /home/smeappbi/public_html/api/src/routes/auth.routes.js
- /home/smeappbi/public_html/api/app.js
- /usr/local/lsws/fcgi-bin/lsnode.js
    at Function.Module._resolveFilename (internal/modules/cjs/loader.js:902:15)
    at Function.Module._load (internal/modules/cjs/loader.js:746:27)
    at Module.require (internal/modules/cjs/loader.js:974:19)
    at require (internal/modules/cjs/helpers.js:101:18)
    at Object.<anonymous> (/home/smeappbi/public_html/api/src/controller/auth.controller.js:1:16)
    at Module._compile (internal/modules/cjs/loader.js:1085:14)
    at Object.Module._extensions..js (internal/modules/cjs/loader.js:1114:10)
    at Module.load (internal/modules/cjs/loader.js:950:32)
    at Function.Module._load (internal/modules/cjs/loader.js:790:12)
    at Module.require (internal/modules/cjs/loader.js:974:19) {
  code: 'MODULE_NOT_FOUND',
  requireStack: [
    '/home/smeappbi/public_html/api/src/controller/auth.controller.js',
    '/home/smeappbi/public_html/api/src/routes/auth.routes.js',
    '/home/smeappbi/public_html/api/app.js',
    '/usr/local/lsws/fcgi-bin/lsnode.js'
  ]
}
internal/modules/cjs/loader.js:905
  throw err;
  ^

Error: Cannot find module 'bcrypt'
Require stack:
- /home/smeappbi/public_html/api/src/controller/auth.controller.js
- /home/smeappbi/public_html/api/src/routes/auth.routes.js
- /home/smeappbi/public_html/api/app.js
- /usr/local/lsws/fcgi-bin/lsnode.js
    at Function.Module._resolveFilename (internal/modules/cjs/loader.js:902:15)
    at Function.Module._load (internal/modules/cjs/loader.js:746:27)
    at Module.require (internal/modules/cjs/loader.js:974:19)
    at require (internal/modules/cjs/helpers.js:101:18)
    at Object.<anonymous> (/home/smeappbi/public_html/api/src/controller/auth.controller.js:1:16)
    at Module._compile (internal/modules/cjs/loader.js:1085:14)
    at Object.Module._extensions..js (internal/modules/cjs/loader.js:1114:10)
    at Module.load (internal/modules/cjs/loader.js:950:32)
    at Function.Module._load (internal/modules/cjs/loader.js:790:12)
    at Module.require (internal/modules/cjs/loader.js:974:19) {
  code: 'MODULE_NOT_FOUND',
  requireStack: [
    '/home/smeappbi/public_html/api/src/controller/auth.controller.js',
    '/home/smeappbi/public_html/api/src/routes/auth.routes.js',
    '/home/smeappbi/public_html/api/app.js',
    '/usr/local/lsws/fcgi-bin/lsnode.js'
  ]
}
internal/modules/cjs/loader.js:905
  throw err;
  ^

Error: Cannot find module 'bcrypt'
Require stack:
- /home/smeappbi/public_html/api/src/controller/auth.controller.js
- /home/smeappbi/public_html/api/src/routes/auth.routes.js
- /home/smeappbi/public_html/api/app.js
- /usr/local/lsws/fcgi-bin/lsnode.js
    at Function.Module._resolveFilename (internal/modules/cjs/loader.js:902:15)
    at Function.Module._load (internal/modules/cjs/loader.js:746:27)
    at Module.require (internal/modules/cjs/loader.js:974:19)
    at require (internal/modules/cjs/helpers.js:101:18)
    at Object.<anonymous> (/home/smeappbi/public_html/api/src/controller/auth.controller.js:1:16)
    at Module._compile (internal/modules/cjs/loader.js:1085:14)
    at Object.Module._extensions..js (internal/modules/cjs/loader.js:1114:10)
    at Module.load (internal/modules/cjs/loader.js:950:32)
    at Function.Module._load (internal/modules/cjs/loader.js:790:12)
    at Module.require (internal/modules/cjs/loader.js:974:19) {
  code: 'MODULE_NOT_FOUND',
  requireStack: [
    '/home/smeappbi/public_html/api/src/controller/auth.controller.js',
    '/home/smeappbi/public_html/api/src/routes/auth.routes.js',
    '/home/smeappbi/public_html/api/app.js',
    '/usr/local/lsws/fcgi-bin/lsnode.js'
  ]
}
internal/modules/cjs/loader.js:905
  throw err;
  ^

Error: Cannot find module 'bcrypt'
Require stack:
- /home/smeappbi/public_html/api/src/controller/auth.controller.js
- /home/smeappbi/public_html/api/src/routes/auth.routes.js
- /home/smeappbi/public_html/api/app.js
- /usr/local/lsws/fcgi-bin/lsnode.js
    at Function.Module._resolveFilename (internal/modules/cjs/loader.js:902:15)
    at Function.Module._load (internal/modules/cjs/loader.js:746:27)
    at Module.require (internal/modules/cjs/loader.js:974:19)
    at require (internal/modules/cjs/helpers.js:101:18)
    at Object.<anonymous> (/home/smeappbi/public_html/api/src/controller/auth.controller.js:1:16)
    at Module._compile (internal/modules/cjs/loader.js:1085:14)
    at Object.Module._extensions..js (internal/modules/cjs/loader.js:1114:10)
    at Module.load (internal/modules/cjs/loader.js:950:32)
    at Function.Module._load (internal/modules/cjs/loader.js:790:12)
    at Module.require (internal/modules/cjs/loader.js:974:19) {
  code: 'MODULE_NOT_FOUND',
  requireStack: [
    '/home/smeappbi/public_html/api/src/controller/auth.controller.js',
    '/home/smeappbi/public_html/api/src/routes/auth.routes.js',
    '/home/smeappbi/public_html/api/app.js',
    '/usr/local/lsws/fcgi-bin/lsnode.js'
  ]
}
internal/modules/cjs/loader.js:905
  throw err;
  ^

Error: Cannot find module 'bcrypt'
Require stack:
- /home/smeappbi/public_html/api/src/controller/auth.controller.js
- /home/smeappbi/public_html/api/src/routes/auth.routes.js
- /home/smeappbi/public_html/api/app.js
- /usr/local/lsws/fcgi-bin/lsnode.js
    at Function.Module._resolveFilename (internal/modules/cjs/loader.js:902:15)
    at Function.Module._load (internal/modules/cjs/loader.js:746:27)
    at Module.require (internal/modules/cjs/loader.js:974:19)
    at require (internal/modules/cjs/helpers.js:101:18)
    at Object.<anonymous> (/home/smeappbi/public_html/api/src/controller/auth.controller.js:1:16)
    at Module._compile (internal/modules/cjs/loader.js:1085:14)
    at Object.Module._extensions..js (internal/modules/cjs/loader.js:1114:10)
    at Module.load (internal/modules/cjs/loader.js:950:32)
    at Function.Module._load (internal/modules/cjs/loader.js:790:12)
    at Module.require (internal/modules/cjs/loader.js:974:19) {
  code: 'MODULE_NOT_FOUND',
  requireStack: [
    '/home/smeappbi/public_html/api/src/controller/auth.controller.js',
    '/home/smeappbi/public_html/api/src/routes/auth.routes.js',
    '/home/smeappbi/public_html/api/app.js',
    '/usr/local/lsws/fcgi-bin/lsnode.js'
  ]
}
internal/modules/cjs/loader.js:905
  throw err;
  ^

Error: Cannot find module 'bcrypt'
Require stack:
- /home/smeappbi/public_html/api/src/controller/auth.controller.js
- /home/smeappbi/public_html/api/src/routes/auth.routes.js
- /home/smeappbi/public_html/api/app.js
- /usr/local/lsws/fcgi-bin/lsnode.js
    at Function.Module._resolveFilename (internal/modules/cjs/loader.js:902:15)
    at Function.Module._load (internal/modules/cjs/loader.js:746:27)
    at Module.require (internal/modules/cjs/loader.js:974:19)
    at require (internal/modules/cjs/helpers.js:101:18)
    at Object.<anonymous> (/home/smeappbi/public_html/api/src/controller/auth.controller.js:1:16)
    at Module._compile (internal/modules/cjs/loader.js:1085:14)
    at Object.Module._extensions..js (internal/modules/cjs/loader.js:1114:10)
    at Module.load (internal/modules/cjs/loader.js:950:32)
    at Function.Module._load (internal/modules/cjs/loader.js:790:12)
    at Module.require (internal/modules/cjs/loader.js:974:19) {
  code: 'MODULE_NOT_FOUND',
  requireStack: [
    '/home/smeappbi/public_html/api/src/controller/auth.controller.js',
    '/home/smeappbi/public_html/api/src/routes/auth.routes.js',
    '/home/smeappbi/public_html/api/app.js',
    '/usr/local/lsws/fcgi-bin/lsnode.js'
  ]
}
internal/modules/cjs/loader.js:905
  throw err;
  ^

Error: Cannot find module 'bcrypt'
Require stack:
- /home/smeappbi/public_html/api/src/controller/auth.controller.js
- /home/smeappbi/public_html/api/src/routes/auth.routes.js
- /home/smeappbi/public_html/api/app.js
- /usr/local/lsws/fcgi-bin/lsnode.js
    at Function.Module._resolveFilename (internal/modules/cjs/loader.js:902:15)
    at Function.Module._load (internal/modules/cjs/loader.js:746:27)
    at Module.require (internal/modules/cjs/loader.js:974:19)
    at require (internal/modules/cjs/helpers.js:101:18)
    at Object.<anonymous> (/home/smeappbi/public_html/api/src/controller/auth.controller.js:1:16)
    at Module._compile (internal/modules/cjs/loader.js:1085:14)
    at Object.Module._extensions..js (internal/modules/cjs/loader.js:1114:10)
    at Module.load (internal/modules/cjs/loader.js:950:32)
    at Function.Module._load (internal/modules/cjs/loader.js:790:12)
    at Module.require (internal/modules/cjs/loader.js:974:19) {
  code: 'MODULE_NOT_FOUND',
  requireStack: [
    '/home/smeappbi/public_html/api/src/controller/auth.controller.js',
    '/home/smeappbi/public_html/api/src/routes/auth.routes.js',
    '/home/smeappbi/public_html/api/app.js',
    '/usr/local/lsws/fcgi-bin/lsnode.js'
  ]
}
(node:4093732) [MONGOOSE] DeprecationWarning: Mongoose: the `strictQuery` option will be switched back to `false` by default in Mongoose 7. Use `mongoose.set('strictQuery', false);` if you want to prepare for this change. Or use `mongoose.set('strictQuery', true);` to suppress this warning.
(Use `node --trace-deprecation ...` to show where the warning was created)
(node:4095010) [MONGOOSE] DeprecationWarning: Mongoose: the `strictQuery` option will be switched back to `false` by default in Mongoose 7. Use `mongoose.set('strictQuery', false);` if you want to prepare for this change. Or use `mongoose.set('strictQuery', true);` to suppress this warning.
(Use `node --trace-deprecation ...` to show where the warning was created)
